<?xml version="1.0" encoding="UTF-8"?>
<!-- Generated by org.testng.reporters.JUnitReportReporter -->
<testsuite skipped="0" hostname="user-PC" name="MyFirstProject.MyFirstProject.LoginFeature" tests="2" failures="0" timestamp="14 May 2017 02:55:51 GMT" time="28.895" errors="0">
  <testcase name="Test1" time="12.672" classname="MyFirstProject.MyFirstProject.LoginFeature"/>
  <testcase name="Test2" time="16.223" classname="MyFirstProject.MyFirstProject.LoginFeature"/>
</testsuite> <!-- MyFirstProject.MyFirstProject.LoginFeature -->
